[2013-02-16 04:57:20] request.ERROR: Symfony\Component\HttpKernel\Exception\NotFoundHttpException: No route found for "GET /" (uncaught exception) at /Applications/MAMP/htdocs/SimpleShop/SimpleShop/vendor/symfony/symfony/src/Symfony/Component/HttpKernel/EventListener/RouterListener.php line 92 [] []
[2013-02-16 04:57:20] request.ERROR: Symfony\Component\HttpKernel\Exception\NotFoundHttpException: No route found for "GET /" (uncaught exception) at /Applications/MAMP/htdocs/SimpleShop/SimpleShop/vendor/symfony/symfony/src/Symfony/Component/HttpKernel/EventListener/RouterListener.php line 92 [] []
[2013-02-16 04:57:37] request.ERROR: Symfony\Component\HttpKernel\Exception\NotFoundHttpException: No route found for "GET /frontend_dev.php" (uncaught exception) at /Applications/MAMP/htdocs/SimpleShop/SimpleShop/vendor/symfony/symfony/src/Symfony/Component/HttpKernel/EventListener/RouterListener.php line 92 [] []
[2013-02-16 05:30:54] request.ERROR: Symfony\Component\HttpKernel\Exception\NotFoundHttpException: No route found for "GET /shop_imgs//Applications/MAMP/tmp/php/phps2ZPOd" (uncaught exception) at /Applications/MAMP/htdocs/SimpleShop/SimpleShop/app/cache/prod/classes.php line 5078 [] []
[2013-03-08 05:03:59] request.ERROR: Symfony\Component\HttpKernel\Exception\NotFoundHttpException: No route found for "GET /" (uncaught exception) at /Applications/MAMP/htdocs/Shop/SimpleShop/vendor/symfony/symfony/src/Symfony/Component/HttpKernel/EventListener/RouterListener.php line 92 [] []
[2013-03-08 05:04:23] request.ERROR: Symfony\Component\HttpKernel\Exception\NotFoundHttpException: No route found for "GET /" (uncaught exception) at /Applications/MAMP/htdocs/Shop/SimpleShop/vendor/symfony/symfony/src/Symfony/Component/HttpKernel/EventListener/RouterListener.php line 92 [] []
[2013-03-09 05:35:26] request.INFO: Matched route "item" (parameters: "_controller": "DW\SlideShowBundle\Controller\ItemController::indexAction", "_route": "item") [] []
[2013-03-09 05:35:26] request.CRITICAL: Exception: Not allowed (uncaught exception) at /Applications/MAMP/htdocs/Shop/SimpleShop/src/DW/UserBundle/Service/UserService.php line 101 [] []
[2013-03-09 05:36:03] request.INFO: Matched route "item" (parameters: "_controller": "DW\SlideShowBundle\Controller\ItemController::indexAction", "_route": "item") [] []
[2013-03-09 05:36:03] request.CRITICAL: Exception: Not allowed (uncaught exception) at /Applications/MAMP/htdocs/Shop/SimpleShop/src/DW/UserBundle/Service/UserService.php line 101 [] []
[2013-03-09 05:36:51] request.INFO: Matched route "item" (parameters: "_controller": "DW\SlideShowBundle\Controller\ItemController::indexAction", "_route": "item") [] []
[2013-03-09 05:36:51] request.CRITICAL: Exception: Not allowed (uncaught exception) at /Applications/MAMP/htdocs/Shop/SimpleShop/src/DW/UserBundle/Service/UserService.php line 101 [] []
[2013-03-09 05:37:13] request.ERROR: Symfony\Component\HttpKernel\Exception\NotFoundHttpException: No route found for "GET /" (uncaught exception) at /Applications/MAMP/htdocs/Shop/SimpleShop/app/cache/prod/classes.php line 5078 [] []
[2013-03-09 05:37:24] request.ERROR: Symfony\Component\HttpKernel\Exception\NotFoundHttpException: No route found for "GET /" (uncaught exception) at /Applications/MAMP/htdocs/Shop/SimpleShop/app/cache/prod/classes.php line 5078 [] []
[2013-03-09 05:37:29] request.INFO: Matched route "item" (parameters: "_controller": "DW\SlideShowBundle\Controller\ItemController::indexAction", "_route": "item") [] []
[2013-03-09 05:37:29] request.CRITICAL: Exception: Not allowed (uncaught exception) at /Applications/MAMP/htdocs/Shop/SimpleShop/src/DW/UserBundle/Service/UserService.php line 101 [] []
[2013-03-09 05:47:00] request.ERROR: Symfony\Component\HttpKernel\Exception\NotFoundHttpException: No route found for "GET /login/" (uncaught exception) at /Applications/MAMP/htdocs/Shop/SimpleShop/app/cache/prod/classes.php line 5078 [] []
[2013-03-10 04:20:57] request.INFO: Matched route "dw_slide_show_homepage" (parameters: "_controller": "DW\SlideShowBundle\Controller\DefaultController::boutiqueAction", "ref": "44", "_route": "dw_slide_show_homepage") [] []
[2013-03-10 04:20:57] request.CRITICAL: Doctrine\ORM\ORMException: Unknown Entity namespace alias 'DWCommentsBundle'. (uncaught exception) at /Applications/MAMP/htdocs/Shop/SimpleShop/vendor/doctrine/orm/lib/Doctrine/ORM/ORMException.php line 148 [] []
[2013-03-11 03:51:36] request.ERROR: Symfony\Component\HttpKernel\Exception\NotFoundHttpException: No route found for "GET /main.css" (uncaught exception) at /Applications/MAMP/htdocs/Shop/SimpleShop/app/cache/prod/classes.php line 5078 [] []
[2013-03-11 03:53:32] request.ERROR: Symfony\Component\HttpKernel\Exception\NotFoundHttpException: No route found for "GET /main.css" (uncaught exception) at /Applications/MAMP/htdocs/Shop/SimpleShop/app/cache/prod/classes.php line 5078 [] []
[2013-03-11 03:56:52] request.ERROR: Symfony\Component\HttpKernel\Exception\NotFoundHttpException: No route found for "GET /main.css" (uncaught exception) at /Applications/MAMP/htdocs/Shop/SimpleShop/app/cache/prod/classes.php line 5078 [] []
[2013-03-11 03:59:14] request.ERROR: Symfony\Component\HttpKernel\Exception\NotFoundHttpException: No route found for "GET /main.css" (uncaught exception) at /Applications/MAMP/htdocs/Shop/SimpleShop/app/cache/prod/classes.php line 5078 [] []
[2013-03-11 03:59:41] request.ERROR: Symfony\Component\HttpKernel\Exception\NotFoundHttpException: No route found for "GET /main.css" (uncaught exception) at /Applications/MAMP/htdocs/Shop/SimpleShop/app/cache/prod/classes.php line 5078 [] []
[2013-03-11 03:59:59] request.ERROR: Symfony\Component\HttpKernel\Exception\NotFoundHttpException: No route found for "GET /main.css" (uncaught exception) at /Applications/MAMP/htdocs/Shop/SimpleShop/app/cache/prod/classes.php line 5078 [] []
[2013-03-11 04:00:24] request.ERROR: Symfony\Component\HttpKernel\Exception\NotFoundHttpException: No route found for "GET /main.css" (uncaught exception) at /Applications/MAMP/htdocs/Shop/SimpleShop/app/cache/prod/classes.php line 5078 [] []
[2013-03-11 04:04:00] request.ERROR: Symfony\Component\HttpKernel\Exception\NotFoundHttpException: No route found for "GET /main.css" (uncaught exception) at /Applications/MAMP/htdocs/Shop/SimpleShop/app/cache/prod/classes.php line 5078 [] []
[2013-03-11 04:07:22] request.ERROR: Symfony\Component\HttpKernel\Exception\NotFoundHttpException: No route found for "GET /main.css" (uncaught exception) at /Applications/MAMP/htdocs/Shop/SimpleShop/app/cache/prod/classes.php line 5078 [] []
[2013-03-11 04:10:45] request.ERROR: Symfony\Component\HttpKernel\Exception\NotFoundHttpException: No route found for "GET /main.css" (uncaught exception) at /Applications/MAMP/htdocs/Shop/SimpleShop/app/cache/prod/classes.php line 5078 [] []
[2013-03-11 04:14:47] request.ERROR: Symfony\Component\HttpKernel\Exception\NotFoundHttpException: No route found for "GET /main.css" (uncaught exception) at /Applications/MAMP/htdocs/Shop/SimpleShop/app/cache/prod/classes.php line 5078 [] []
[2013-03-11 04:18:39] request.ERROR: Symfony\Component\HttpKernel\Exception\NotFoundHttpException: No route found for "GET /main.css" (uncaught exception) at /Applications/MAMP/htdocs/Shop/SimpleShop/app/cache/prod/classes.php line 5078 [] []
[2013-03-11 04:19:30] request.ERROR: Symfony\Component\HttpKernel\Exception\NotFoundHttpException: No route found for "GET /main.css" (uncaught exception) at /Applications/MAMP/htdocs/Shop/SimpleShop/app/cache/prod/classes.php line 5078 [] []
[2013-03-11 04:19:39] request.ERROR: Symfony\Component\HttpKernel\Exception\NotFoundHttpException: No route found for "GET /main.css" (uncaught exception) at /Applications/MAMP/htdocs/Shop/SimpleShop/app/cache/prod/classes.php line 5078 [] []
[2013-03-11 04:39:44] request.ERROR: Symfony\Component\HttpKernel\Exception\NotFoundHttpException: No route found for "GET /public/main.css" (uncaught exception) at /Applications/MAMP/htdocs/Shop/SimpleShop/vendor/symfony/symfony/src/Symfony/Component/HttpKernel/EventListener/RouterListener.php line 92 [] []
